2021-07-06 14:35:48 : downloadDataFromMongoDB.py: MongoDB Data Reading task is started...
2021-07-06 14:35:48 : downloadDataFromMongoDB.py: MongoDB Data Reading task is Completed Successfully...
2021-07-06 14:36:04 : downloadDataFromMongoDB.py: Customer Collection Downloading task is started...
2021-07-06 14:36:09 : downloadDataFromMongoDB.py: Customer Collection Downloading task is Completed...
2021-07-06 14:36:09 : downloadDataFromMongoDB.py: Complaint Collection Downloading task is started...
2021-07-06 14:36:09 : downloadDataFromMongoDB.py: Complaint Collection Downloading task is Completed...
2021-07-06 14:36:09 : downloadDataFromMongoDB.py: Location Collection Downloading task is started...
2021-07-06 14:36:10 : downloadDataFromMongoDB.py: Location Collection Downloading task is Completed...
2021-07-06 14:36:10 : downloadDataFromMongoDB.py: Offer Collection Downloading task is started...
2021-07-06 14:36:15 : downloadDataFromMongoDB.py: Offer Collection Downloading task is Completed...
2021-07-06 14:36:15 : downloadDataFromMongoDB.py: Order Collection Downloading task is started...
2021-07-06 14:36:25 : downloadDataFromMongoDB.py: Order Collection Downloading task is Completed...
2021-07-06 14:36:25 : downloadDataFromMongoDB.py: Order_Item Collection Downloading task is started...
2021-07-06 14:37:00 : downloadDataFromMongoDB.py: Order_Item Collection Downloading task is Completed...
2021-07-06 14:37:00 : downloadDataFromMongoDB.py: Payment Collection Downloading task is started...
2021-07-06 14:37:04 : downloadDataFromMongoDB.py: Payment Collection Downloading task is Completed...
2021-07-06 14:37:04 : downloadDataFromMongoDB.py: Product Collection Downloading task is started...
2021-07-06 14:37:04 : downloadDataFromMongoDB.py: Product Collection Downloading task is Completed...
2021-07-06 14:37:04 : downloadDataFromMongoDB.py: Product_Category Collection Downloading task is started...
2021-07-06 14:37:04 : downloadDataFromMongoDB.py: Product_Category Collection Downloading task is Completed...
2021-07-06 14:37:04 : downloadDataFromMongoDB.py: Product_Review Collection Downloading task is started...
2021-07-06 14:37:04 : downloadDataFromMongoDB.py: Product_Review Collection Downloading task is Completed...
2021-07-06 14:37:04 : downloadDataFromMongoDB.py: Return_Product Collection Downloading task is started...
2021-07-06 14:37:04 : downloadDataFromMongoDB.py: Return_Product Collection Downloading task is Completed...
2021-07-06 14:37:04 : downloadDataFromMongoDB.py: Sellers Collection Downloading task is started...
2021-07-06 14:37:04 : downloadDataFromMongoDB.py: Sellers Collection Downloading task is Completed...
2021-07-06 14:37:04 : downloadDataFromMongoDB.py: User_detail Collection Downloading task is started...
2021-07-06 14:37:04 : downloadDataFromMongoDB.py: User_detail Collection Downloading task is Completed...
2021-07-06 16:26:08 : downloadDataFromMongoDB.py: MongoDB Data Reading task is started...
2021-07-06 16:26:08 : downloadDataFromMongoDB.py: MongoDB Data Reading task is Completed Successfully...
2021-07-06 16:26:10 : downloadDataFromMongoDB.py: Customer Collection Downloading task is started...
2021-07-06 16:26:15 : downloadDataFromMongoDB.py: Customer Collection Downloading task is Completed...
2021-07-06 16:26:15 : downloadDataFromMongoDB.py: Complaint Collection Downloading task is started...
2021-07-06 16:26:15 : downloadDataFromMongoDB.py: Complaint Collection Downloading task is Completed...
2021-07-06 16:26:15 : downloadDataFromMongoDB.py: Location Collection Downloading task is started...
2021-07-06 16:26:16 : downloadDataFromMongoDB.py: Location Collection Downloading task is Completed...
2021-07-06 16:26:16 : downloadDataFromMongoDB.py: Offer Collection Downloading task is started...
2021-07-06 16:26:22 : downloadDataFromMongoDB.py: Offer Collection Downloading task is Completed...
2021-07-06 16:26:22 : downloadDataFromMongoDB.py: Order Collection Downloading task is started...
2021-07-06 16:26:30 : downloadDataFromMongoDB.py: Order Collection Downloading task is Completed...
2021-07-06 16:26:30 : downloadDataFromMongoDB.py: Order_Item Collection Downloading task is started...
2021-07-06 16:27:03 : downloadDataFromMongoDB.py: Order_Item Collection Downloading task is Completed...
2021-07-06 16:27:03 : downloadDataFromMongoDB.py: Payment Collection Downloading task is started...
2021-07-06 16:27:07 : downloadDataFromMongoDB.py: Payment Collection Downloading task is Completed...
2021-07-06 16:27:07 : downloadDataFromMongoDB.py: Product Collection Downloading task is started...
2021-07-06 16:27:07 : downloadDataFromMongoDB.py: Product Collection Downloading task is Completed...
2021-07-06 16:27:07 : downloadDataFromMongoDB.py: Product_Category Collection Downloading task is started...
2021-07-06 16:27:07 : downloadDataFromMongoDB.py: Product_Category Collection Downloading task is Completed...
2021-07-06 16:27:07 : downloadDataFromMongoDB.py: Product_Review Collection Downloading task is started...
2021-07-06 16:27:08 : downloadDataFromMongoDB.py: Product_Review Collection Downloading task is Completed...
2021-07-06 16:27:08 : downloadDataFromMongoDB.py: Return_Product Collection Downloading task is started...
2021-07-06 16:27:08 : downloadDataFromMongoDB.py: Return_Product Collection Downloading task is Completed...
2021-07-06 16:27:08 : downloadDataFromMongoDB.py: Sellers Collection Downloading task is started...
2021-07-06 16:27:08 : downloadDataFromMongoDB.py: Sellers Collection Downloading task is Completed...
2021-07-06 16:27:08 : downloadDataFromMongoDB.py: User_detail Collection Downloading task is started...
2021-07-06 16:27:08 : downloadDataFromMongoDB.py: User_detail Collection Downloading task is Completed...
